{"C:\\BLOG WEBSITE\\BACKEND\\MINE_BLOG\\models\\BlogsModel.js": {"path":"C:\\BLOG WEBSITE\\BACKEND\\MINE_BLOG\\models\\BlogsModel.js","statementMap":{"0":{"start":{"line":1,"column":18},"end":{"line":1,"column":36}},"1":{"start":{"line":2,"column":22},"end":{"line":2,"column":42}},"2":{"start":{"line":4,"column":13},"end":{"line":18,"column":2}},"3":{"start":{"line":19,"column":0},"end":{"line":19,"column":21}}},"fnMap":{},"branchMap":{},"s":{"0":1,"1":1,"2":1,"3":1},"f":{},"b":{},"_coverageSchema":"1a1c01bbd47fc00a2c39e90264f33305004495a9","hash":"b78d6d3f898c31d09b3056057e37f9462347a346"}
,"C:\\BLOG WEBSITE\\BACKEND\\MINE_BLOG\\models\\index.js": {"path":"C:\\BLOG WEBSITE\\BACKEND\\MINE_BLOG\\models\\index.js","statementMap":{"0":{"start":{"line":1,"column":18},"end":{"line":1,"column":38}},"1":{"start":{"line":20,"column":18},"end":{"line":23,"column":2}},"2":{"start":{"line":24,"column":0},"end":{"line":24,"column":26}}},"fnMap":{},"branchMap":{},"s":{"0":2,"1":2,"2":2},"f":{},"b":{},"_coverageSchema":"1a1c01bbd47fc00a2c39e90264f33305004495a9","hash":"d2ae8da48874764b827bc11ec68de359cb49d45c"}
,"C:\\BLOG WEBSITE\\BACKEND\\MINE_BLOG\\models\\userModel.js": {"path":"C:\\BLOG WEBSITE\\BACKEND\\MINE_BLOG\\models\\userModel.js","statementMap":{"0":{"start":{"line":1,"column":22},"end":{"line":1,"column":42}},"1":{"start":{"line":2,"column":18},"end":{"line":2,"column":36}},"2":{"start":{"line":3,"column":13},"end":{"line":34,"column":2}},"3":{"start":{"line":35,"column":0},"end":{"line":35,"column":21}}},"fnMap":{},"branchMap":{},"s":{"0":1,"1":1,"2":1,"3":1},"f":{},"b":{},"_coverageSchema":"1a1c01bbd47fc00a2c39e90264f33305004495a9","hash":"ef4b1d98aeda98049a5ddf0195e8c6c3a32f367c"}
,"C:\\BLOG WEBSITE\\BACKEND\\MINE_BLOG\\services\\blogServices.js": {"path":"C:\\BLOG WEBSITE\\BACKEND\\MINE_BLOG\\services\\blogServices.js","statementMap":{"0":{"start":{"line":2,"column":13},"end":{"line":2,"column":44}},"1":{"start":{"line":4,"column":19},"end":{"line":13,"column":1}},"2":{"start":{"line":5,"column":15},"end":{"line":9,"column":3}},"3":{"start":{"line":11,"column":16},"end":{"line":11,"column":39}},"4":{"start":{"line":12,"column":2},"end":{"line":12,"column":14}},"5":{"start":{"line":15,"column":19},"end":{"line":19,"column":1}},"6":{"start":{"line":16,"column":2},"end":{"line":16,"column":29}},"7":{"start":{"line":17,"column":16},"end":{"line":17,"column":38}},"8":{"start":{"line":18,"column":2},"end":{"line":18,"column":14}},"9":{"start":{"line":21,"column":19},"end":{"line":27,"column":1}},"10":{"start":{"line":22,"column":13},"end":{"line":22,"column":19}},"11":{"start":{"line":23,"column":16},"end":{"line":25,"column":4}},"12":{"start":{"line":26,"column":2},"end":{"line":26,"column":14}},"13":{"start":{"line":29,"column":19},"end":{"line":34,"column":1}},"14":{"start":{"line":30,"column":13},"end":{"line":30,"column":19}},"15":{"start":{"line":31,"column":16},"end":{"line":32,"column":22}},"16":{"start":{"line":33,"column":2},"end":{"line":33,"column":14}},"17":{"start":{"line":36,"column":19},"end":{"line":40,"column":1}},"18":{"start":{"line":37,"column":13},"end":{"line":37,"column":17}},"19":{"start":{"line":38,"column":16},"end":{"line":38,"column":53}},"20":{"start":{"line":39,"column":2},"end":{"line":39,"column":14}},"21":{"start":{"line":42,"column":0},"end":{"line":42,"column":79}}},"fnMap":{"0":{"name":"(anonymous_0)","decl":{"start":{"line":4,"column":19},"end":{"line":4,"column":20}},"loc":{"start":{"line":4,"column":35},"end":{"line":13,"column":1}},"line":4},"1":{"name":"(anonymous_1)","decl":{"start":{"line":15,"column":19},"end":{"line":15,"column":20}},"loc":{"start":{"line":15,"column":31},"end":{"line":19,"column":1}},"line":15},"2":{"name":"(anonymous_2)","decl":{"start":{"line":21,"column":19},"end":{"line":21,"column":20}},"loc":{"start":{"line":21,"column":37},"end":{"line":27,"column":1}},"line":21},"3":{"name":"(anonymous_3)","decl":{"start":{"line":29,"column":19},"end":{"line":29,"column":20}},"loc":{"start":{"line":29,"column":43},"end":{"line":34,"column":1}},"line":29},"4":{"name":"(anonymous_4)","decl":{"start":{"line":36,"column":19},"end":{"line":36,"column":20}},"loc":{"start":{"line":36,"column":35},"end":{"line":40,"column":1}},"line":36}},"branchMap":{},"s":{"0":1,"1":1,"2":0,"3":0,"4":0,"5":1,"6":1,"7":1,"8":1,"9":1,"10":0,"11":0,"12":0,"13":1,"14":0,"15":0,"16":0,"17":1,"18":0,"19":0,"20":0,"21":1},"f":{"0":0,"1":1,"2":0,"3":0,"4":0},"b":{},"_coverageSchema":"1a1c01bbd47fc00a2c39e90264f33305004495a9","hash":"210c4796bc8c435b704e7ef283ac86aa65a2aaf5"}
,"C:\\BLOG WEBSITE\\BACKEND\\MINE_BLOG\\services\\userServices.js": {"path":"C:\\BLOG WEBSITE\\BACKEND\\MINE_BLOG\\services\\userServices.js","statementMap":{"0":{"start":{"line":1,"column":14},"end":{"line":1,"column":44}},"1":{"start":{"line":5,"column":19},"end":{"line":8,"column":1}},"2":{"start":{"line":6,"column":16},"end":{"line":6,"column":39}},"3":{"start":{"line":7,"column":2},"end":{"line":7,"column":14}},"4":{"start":{"line":10,"column":19},"end":{"line":15,"column":1}},"5":{"start":{"line":11,"column":13},"end":{"line":11,"column":19}},"6":{"start":{"line":12,"column":15},"end":{"line":13,"column":22}},"7":{"start":{"line":14,"column":2},"end":{"line":14,"column":13}},"8":{"start":{"line":17,"column":19},"end":{"line":21,"column":1}},"9":{"start":{"line":18,"column":13},"end":{"line":18,"column":19}},"10":{"start":{"line":19,"column":15},"end":{"line":19,"column":53}},"11":{"start":{"line":20,"column":2},"end":{"line":20,"column":13}},"12":{"start":{"line":23,"column":0},"end":{"line":23,"column":55}}},"fnMap":{"0":{"name":"(anonymous_0)","decl":{"start":{"line":5,"column":19},"end":{"line":5,"column":20}},"loc":{"start":{"line":5,"column":45},"end":{"line":8,"column":1}},"line":5},"1":{"name":"(anonymous_1)","decl":{"start":{"line":10,"column":19},"end":{"line":10,"column":20}},"loc":{"start":{"line":10,"column":43},"end":{"line":15,"column":1}},"line":10},"2":{"name":"(anonymous_2)","decl":{"start":{"line":17,"column":19},"end":{"line":17,"column":20}},"loc":{"start":{"line":17,"column":37},"end":{"line":21,"column":1}},"line":17}},"branchMap":{},"s":{"0":1,"1":1,"2":1,"3":1,"4":1,"5":0,"6":0,"7":0,"8":1,"9":0,"10":0,"11":0,"12":1},"f":{"0":1,"1":0,"2":0},"b":{},"_coverageSchema":"1a1c01bbd47fc00a2c39e90264f33305004495a9","hash":"91e8cc78b54a17edbfd88346d56824b423075275"}
}
